-------------------------------------------------------------------------------
Test set: facade.UserFacadeTest
-------------------------------------------------------------------------------
Tests run: 4, Failures: 0, Errors: 4, Skipped: 0, Time elapsed: 0.094 sec <<< FAILURE! - in facade.UserFacadeTest
testGetVerifiedUser  Time elapsed: 0 sec  <<< ERROR!
java.lang.ExceptionInInitializerError
	at facade.UserFacadeTest.<init>(UserFacadeTest.java:16)
Caused by: org.eclipse.persistence.exceptions.PersistenceUnitLoadingException: 

Exception Description: An exception was thrown while searching for persistence archives with ClassLoader: sun.misc.Launcher$AppClassLoader@6bc7c054
Internal Exception: javax.persistence.PersistenceException: Exception [EclipseLink-28018] (Eclipse Persistence Services - 2.5.2.v20140319-9ad6abd): org.eclipse.persistence.exceptions.EntityManagerSetupException
Exception Description: Predeployment of PersistenceUnit [persistence] failed.
Internal Exception: Exception [EclipseLink-7250] (Eclipse Persistence Services - 2.5.2.v20140319-9ad6abd): org.eclipse.persistence.exceptions.ValidationException
Exception Description: [class entity.Shop] uses a non-entity [class java.util.List] as target entity in the relationship attribute [field reviews].
	at facade.UserFacadeTest.<init>(UserFacadeTest.java:16)
Caused by: javax.persistence.PersistenceException: 
Exception [EclipseLink-28018] (Eclipse Persistence Services - 2.5.2.v20140319-9ad6abd): org.eclipse.persistence.exceptions.EntityManagerSetupException
Exception Description: Predeployment of PersistenceUnit [persistence] failed.
Internal Exception: Exception [EclipseLink-7250] (Eclipse Persistence Services - 2.5.2.v20140319-9ad6abd): org.eclipse.persistence.exceptions.ValidationException
Exception Description: [class entity.Shop] uses a non-entity [class java.util.List] as target entity in the relationship attribute [field reviews].
	at facade.UserFacadeTest.<init>(UserFacadeTest.java:16)
Caused by: org.eclipse.persistence.exceptions.EntityManagerSetupException: 

Exception Description: Predeployment of PersistenceUnit [persistence] failed.
Internal Exception: Exception [EclipseLink-7250] (Eclipse Persistence Services - 2.5.2.v20140319-9ad6abd): org.eclipse.persistence.exceptions.ValidationException
Exception Description: [class entity.Shop] uses a non-entity [class java.util.List] as target entity in the relationship attribute [field reviews].
	at facade.UserFacadeTest.<init>(UserFacadeTest.java:16)
Caused by: org.eclipse.persistence.exceptions.ValidationException: 

Exception Description: [class entity.Shop] uses a non-entity [class java.util.List] as target entity in the relationship attribute [field reviews].
	at facade.UserFacadeTest.<init>(UserFacadeTest.java:16)

testFindUser  Time elapsed: 0 sec  <<< ERROR!
java.lang.NoClassDefFoundError: Could not initialize class facade.UserFacade
	at facade.UserFacadeTest.<init>(UserFacadeTest.java:16)

testCreateUser  Time elapsed: 0 sec  <<< ERROR!
java.lang.NoClassDefFoundError: Could not initialize class facade.UserFacade
	at facade.UserFacadeTest.<init>(UserFacadeTest.java:16)

testGetInstance  Time elapsed: 0 sec  <<< ERROR!
java.lang.NoClassDefFoundError: Could not initialize class facade.UserFacade
	at facade.UserFacadeTest.<init>(UserFacadeTest.java:16)

