<?xml version="1.0" encoding="UTF-8"?>
<testsuite xmlns:xsi="http://www.w3.org/2001/XMLSchema-instance" xsi:schemaLocation="https://maven.apache.org/surefire/maven-surefire-plugin/xsd/surefire-test-report.xsd" name="facade.UserFacadeTest" time="1.86" tests="4" errors="0" skipped="4" failures="0">
  <properties>
[...]
</properties>
  <testcase name="testGetVerifiedUser" classname="facade.UserFacadeTest" time="0">
    <skipped message="public void facade.UserFacadeTest.testGetVerifiedUser() throws java.lang.Exception is @Disabled"/>
    <system-out><![CDATA[[EL Info]: 2018-11-20 11:35:41.785--ServerSession(994632067)--EclipseLink, version: Eclipse Persistence Services - 2.5.2.v20140319-9ad6abd
[EL Info]: connection: 2018-11-20 11:35:42.261--ServerSession(994632067)--file:/C:/Users/malik/OneDrive/Documents/NetBeansProjects/Candy/target/classes/_persistence login successful
]]></system-out>
    <system-err><![CDATA[Tue Nov 20 11:35:42 CET 2018 WARN: Establishing SSL connection without server's identity verification is not recommended. According to MySQL 5.5.45+, 5.6.26+ and 5.7.6+ requirements SSL connection must be established by default if explicit option isn't set. For compliance with existing applications not using SSL the verifyServerCertificate property is set to 'false'. You need either to explicitly disable SSL by setting useSSL=false, or set useSSL=true and provide truststore for server certificate verification.
Tue Nov 20 11:35:42 CET 2018 WARN: Establishing SSL connection without server's identity verification is not recommended. According to MySQL 5.5.45+, 5.6.26+ and 5.7.6+ requirements SSL connection must be established by default if explicit option isn't set. For compliance with existing applications not using SSL the verifyServerCertificate property is set to 'false'. You need either to explicitly disable SSL by setting useSSL=false, or set useSSL=true and provide truststore for server certificate verification.
]]></system-err>
  </testcase>
  <testcase name="testFindUser" classname="facade.UserFacadeTest" time="0">
    <skipped message="public void facade.UserFacadeTest.testFindUser() is @Disabled"/>
  </testcase>
  <testcase name="testCreateUser" classname="facade.UserFacadeTest" time="0">
    <skipped message="public void facade.UserFacadeTest.testCreateUser() is @Disabled"/>
  </testcase>
  <testcase name="testGetInstance" classname="facade.UserFacadeTest" time="0">
    <skipped message="public void facade.UserFacadeTest.testGetInstance() is @Disabled"/>
  </testcase>
</testsuite>